<?xml version="1.0" encoding="UTF-8"?>
<!-- Generated by org.testng.reporters.JUnitReportReporter -->
<testsuite skipped="0" hostname="DESKTOP-HSGF5RQ" name="appium.LaunchSite" tests="4" failures="0" timestamp="09 Nov 2019 16:49:11 GMT" time="28.694" errors="0">
  <testcase name="launch" time="15.306" classname="appium.LaunchSite"/>
  <testcase name="fillUserid" time="4.789" classname="appium.LaunchSite"/>
  <testcase name="fillPassword" time="4.438" classname="appium.LaunchSite"/>
  <testcase name="closeSite" time="4.161" classname="appium.LaunchSite"/>
</testsuite> <!-- appium.LaunchSite -->
